# Changelogs

## 2026-07-10

### UI Scale调整
- 将界面缩放的基准从100%调整为125%，使125%成为新的100%默认值
- 新增50%缩放选项
- 缩放选项现在为：50%/75%/100%/125%/150%/175%/200%
- 自动迁移旧版本用户的缩放设置（保持视觉大小不变）

### 名单管理页面优化
- 为名单管理页面的子页面设置最小高度为128px，防止内容过少时页面过于紧凑

### 更新下载功能优化
- 点击下载按钮现在直接下载安装包而非打开GitHub页面
- 使用自建ghproxy镜像加速国内下载（gh.xn--8hvv1o.cn）
- 自动检测当前客户端类型（Tauri/Electron）下载对应安装包
- 下载失败时自动回退到原始GitHub链接

### 界面样式优化
- 优化设置页面性能提示样式，使用更统一的卡片式提示
- 优化更新检测区域样式，文字和按钮布局更合理
- 添加强制更新按钮，可无视版本缓存强制检测
- 更新横幅添加流光动画效果，出场动画更华丽

### 应用名称统一
- Tauri和Electron版本在系统应用列表中统一显示为"Cyreneの随机点名器"